<?xml version="1.0" encoding="UTF-8"?>
<!-- Generated by org.testng.reporters.JUnitXMLReporter -->
<testsuite hostname="DESKTOP-NIJC6J2" ignored="0" name="Test" tests="15" failures="0" timestamp="11 Dec 2019 04:07:50 GMT" time="46.094" errors="0">
  <testcase name="frameswitch" time="0.13" classname="testcase.AutocompleteTC"/>
  <testcase name="firstName" time="2.572" classname="testcase.SeleniumTC"/>
  <testcase name="sendkeysvariable" time="0.471" classname="testcase.AutocompleteTC"/>
  <testcase name="lastName" time="0.135" classname="testcase.SeleniumTC"/>
  <testcase name="listofelements" time="0.863" classname="testcase.AutocompleteTC"/>
  <testcase name="emailID" time="0.291" classname="testcase.SeleniumTC"/>
  <testcase name="phoneNo" time="0.153" classname="testcase.SeleniumTC"/>
  <testcase name="address" time="0.388" classname="testcase.SeleniumTC"/>
  <testcase name="city" time="0.174" classname="testcase.SeleniumTC"/>
  <testcase name="stateInd" time="2.174" classname="testcase.SeleniumTC"/>
  <testcase name="zipCode" time="0.146" classname="testcase.SeleniumTC"/>
  <testcase name="website" time="0.211" classname="testcase.SeleniumTC"/>
  <testcase name="hosting" time="0.122" classname="testcase.SeleniumTC"/>
  <testcase name="projectDescription" time="0.125" classname="testcase.SeleniumTC"/>
  <testcase name="submit" time="0.479" classname="testcase.SeleniumTC"/>
</testsuite> <!-- Test -->
