<?xml version="1.0" encoding="UTF-8"?>
<!-- Generated by org.testng.reporters.JUnitXMLReporter -->
<testsuite hostname="DESKTOP-NIJC6J2" ignored="0" name="Test1" tests="3" failures="0" timestamp="15 Dec 2019 15:58:56 GMT" time="16.672" errors="0">
  <testcase name="frameswitch" time="0.036" classname="testcase.AutocompleteTC"/>
  <testcase name="sendkeysvariable" time="0.162" classname="testcase.AutocompleteTC"/>
  <testcase name="listofelements" time="0.978" classname="testcase.AutocompleteTC"/>
</testsuite> <!-- Test1 -->
