<?xml version="1.0" encoding="UTF-8"?>
<!-- Generated by org.testng.reporters.JUnitXMLReporter -->
<testsuite hostname="MugeshML" ignored="0" name="Default test" tests="3" failures="0" timestamp="26 Nov 2019 04:28:46 GMT" time="18.721" errors="0">
  <testcase name="launch" time="7.39" classname="TestNG.ParallelExecution"/>
  <testcase name="launch2" time="5.645" classname="TestNG.ParallelExecution"/>
  <testcase name="launch3" time="5.642" classname="TestNG.ParallelExecution"/>
</testsuite> <!-- Default test -->
