<?xml version="1.0" encoding="UTF-8"?>
<!-- Generated by org.testng.reporters.JUnitXMLReporter -->
<testsuite hostname="MugeshML" ignored="2" name="regression" tests="4" failures="0" timestamp="22 Nov 2019 05:09:57 GMT" time="41.781" errors="0">
  <testcase name="ask" time="1.793" classname="TestNG.Grouping"/>
  <testcase name="bing" time="1.108" classname="TestNG.Grouping"/>
  <testcase name="google" time="2.321" classname="TestNG.Grouping"/>
  <testcase name="yahoo" time="29.114" classname="TestNG.Grouping"/>
  <testcase name="msn" time="0.0" classname="TestNG.Grouping">
    <ignored/>
  </testcase> <!-- msn -->
  <testcase name="duckgo" time="0.0" classname="TestNG.Grouping">
    <ignored/>
  </testcase> <!-- duckgo -->
</testsuite> <!-- regression -->
