<?xml version="1.0" encoding="UTF-8"?>
<!-- Generated by org.testng.reporters.JUnitXMLReporter -->
<testsuite hostname="MugeshML" ignored="3" name="regressionexcludesmoke" tests="3" failures="0" timestamp="25 Nov 2019 05:11:50 GMT" time="13.959" errors="0">
  <testcase name="ask" time="1.444" classname="TestNG.Grouping"/>
  <testcase name="google" time="1.425" classname="TestNG.Grouping"/>
  <testcase name="yahoo" time="2.471" classname="TestNG.Grouping"/>
  <testcase name="msn" time="0.0" classname="TestNG.Grouping">
    <ignored/>
  </testcase> <!-- msn -->
  <testcase name="bing" time="0.0" classname="TestNG.Grouping">
    <ignored/>
  </testcase> <!-- bing -->
  <testcase name="duckgo" time="0.0" classname="TestNG.Grouping">
    <ignored/>
  </testcase> <!-- duckgo -->
</testsuite> <!-- regressionexcludesmoke -->
