<?xml version="1.0" encoding="UTF-8"?>
<!-- Generated by org.testng.reporters.JUnitXMLReporter -->
<testsuite hostname="MugeshML" ignored="3" name="smokesuite" tests="3" failures="0" timestamp="22 Nov 2019 05:17:21 GMT" time="38.826" errors="0">
  <testcase name="bing" time="1.492" classname="TestNG.Grouping"/>
  <testcase name="duckgo" time="2.224" classname="TestNG.Grouping"/>
  <testcase name="msn" time="26.898" classname="TestNG.Grouping"/>
  <testcase name="yahoo" time="0.0" classname="TestNG.Grouping">
    <ignored/>
  </testcase> <!-- yahoo -->
  <testcase name="ask" time="0.0" classname="TestNG.Grouping">
    <ignored/>
  </testcase> <!-- ask -->
  <testcase name="google" time="0.0" classname="TestNG.Grouping">
    <ignored/>
  </testcase> <!-- google -->
</testsuite> <!-- smokesuite -->
